<?xml version="1.0" encoding="UTF-8"?>
<!-- Generated by org.testng.reporters.JUnitXMLReporter -->
<testsuite hostname="SOMIYA" ignored="0" tests="3" failures="0" timestamp="07 Dec 2020 13:44:04 GMT" time="34.183" errors="0">
  <testcase name="@BeforeMethod login" time="0.0" classname="GmailTest">
    <failure type="org.testng.TestNGException" message="
Parameter &amp;apos;tname&amp;apos; is required by BeforeMethod on method login but has not been marked @Optional or defined
">
      <![CDATA[org.testng.TestNGException: 
Parameter 'tname' is required by BeforeMethod on method login but has not been marked @Optional or defined

... Removed 34 stack frames]]>
    </failure>
  </testcase> <!-- @BeforeMethod login -->
  <testcase name="@AfterMethod logout" time="0.0" classname="GmailTest">
    <skipped/>
  </testcase> <!-- @AfterMethod logout -->
  <testcase name="@BeforeMethod login" time="0.0" classname="GmailTest">
    <skipped/>
  </testcase> <!-- @BeforeMethod login -->
  <testcase name="@AfterMethod logout" time="0.0" classname="GmailTest">
    <skipped/>
  </testcase> <!-- @AfterMethod logout -->
  <testcase name="@BeforeMethod login" time="0.0" classname="GmailTest">
    <skipped/>
  </testcase> <!-- @BeforeMethod login -->
  <testcase name="@AfterMethod logout" time="0.0" classname="GmailTest">
    <skipped/>
  </testcase> <!-- @AfterMethod logout -->
  <testcase name="@AfterClass closeBrowser" time="0.0" classname="GmailTest">
    <skipped/>
  </testcase> <!-- @AfterClass closeBrowser -->
  <testcase name="LeaveTest" time="0.0" classname="GmailTest">
    <skipped/>
  </testcase> <!-- LeaveTest -->
  <testcase name="adminTest" time="0.0" classname="GmailTest">
    <skipped/>
  </testcase> <!-- adminTest -->
  <testcase name="pimTest" time="0.0" classname="GmailTest">
    <skipped/>
  </testcase> <!-- pimTest -->
</testsuite>
