<?xml version="1.0" encoding="UTF-8"?>
<!-- Generated by org.testng.reporters.JUnitXMLReporter -->
<testsuite hostname="SOMIYA" ignored="0" name="Default test" tests="5" failures="0" timestamp="07 Dec 2020 18:26:13 GMT" time="45.145" errors="0">
  <testcase name="login" time="3.668" classname="com.orangehrmlive.GmailTest"/>
  <testcase name="login" time="5.508" classname="com.orangehrmlive.GmailTest"/>
  <testcase name="adminTest" time="6.684" classname="com.orangehrmlive.GmailTest"/>
  <testcase name="LeaveTest" time="6.015" classname="com.orangehrmlive.GmailTest"/>
  <testcase name="pimTest" time="5.213" classname="com.orangehrmlive.GmailTest"/>
</testsuite> <!-- Default test -->
