<?xml version="1.0" encoding="UTF-8"?>
<!-- Generated by org.testng.reporters.JUnitXMLReporter -->
<testsuite hostname="SOMIYA" ignored="2" tests="1" failures="0" timestamp="07 Dec 2020 13:27:22 GMT" time="97.368" errors="0">
  <testcase name="pimTest" time="16.374" classname="GmailTest"/>
  <testcase name="LeaveTest" time="0.0" classname="GmailTest">
    <ignored/>
  </testcase> <!-- LeaveTest -->
  <testcase name="adminTest" time="0.0" classname="GmailTest">
    <ignored/>
  </testcase> <!-- adminTest -->
</testsuite>
