<?xml version="1.0" encoding="UTF-8"?>
<!-- Generated by org.testng.reporters.JUnitXMLReporter -->
<testsuite hostname="SOMIYA" ignored="0" name="Test" tests="3" failures="0" timestamp="07 Dec 2020 14:04:28 GMT" time="187.821" errors="0">
  <testcase name="LeaveTest" time="17.7" classname="com.orangehrmlive.GmailTest"/>
  <testcase name="adminTest" time="7.0" classname="com.orangehrmlive.GmailTest"/>
  <testcase name="pimTest" time="25.08" classname="com.orangehrmlive.GmailTest"/>
</testsuite> <!-- Test -->
