<?xml version="1.0" encoding="UTF-8"?>
<testng-results skipped="0" failed="0" ignored="0" total="5" passed="5">
  <reporter-output>
  </reporter-output>
  <suite name="Default suite" duration-ms="45145" started-at="2020-12-07T18:25:27Z" finished-at="2020-12-07T18:26:13Z">
    <groups>
    </groups>
    <test name="Default test" duration-ms="45145" started-at="2020-12-07T18:25:27Z" finished-at="2020-12-07T18:26:13Z">
      <class name="com.orangehrmlive.GmailTest">
        <test-method status="PASS" signature="openGmail()[pri:0, instance:com.orangehrmlive.GmailTest@6b26e945]" name="openGmail" is-config="true" duration-ms="14268" started-at="2020-12-07T18:25:27Z" finished-at="2020-12-07T18:25:42Z">
          <reporter-output>
          </reporter-output>
        </test-method> <!-- openGmail -->
        <test-method status="PASS" signature="login(java.lang.String, java.lang.String, java.lang.String, java.lang.String)[pri:1, instance:com.orangehrmlive.GmailTest@6b26e945]" name="login" duration-ms="3668" started-at="2020-12-07T18:25:42Z" data-provider="dp" finished-at="2020-12-07T18:25:46Z">
          <params>
            <param index="0">
              <value>
                <![CDATA[txtUsername]]>
              </value>
            </param>
            <param index="1">
              <value>
                <![CDATA[txtPassword]]>
              </value>
            </param>
            <param index="2">
              <value>
                <![CDATA[test]]>
              </value>
            </param>
            <param index="3">
              <value>
                <![CDATA[test123]]>
              </value>
            </param>
          </params>
          <reporter-output>
          </reporter-output>
        </test-method> <!-- login -->
        <test-method status="PASS" signature="login(java.lang.String, java.lang.String, java.lang.String, java.lang.String)[pri:1, instance:com.orangehrmlive.GmailTest@6b26e945]" name="login" duration-ms="5508" started-at="2020-12-07T18:25:46Z" data-provider="dp" finished-at="2020-12-07T18:25:51Z">
          <params>
            <param index="0">
              <value>
                <![CDATA[txtUsername]]>
              </value>
            </param>
            <param index="1">
              <value>
                <![CDATA[txtPassword]]>
              </value>
            </param>
            <param index="2">
              <value>
                <![CDATA[Admin]]>
              </value>
            </param>
            <param index="3">
              <value>
                <![CDATA[admin123]]>
              </value>
            </param>
          </params>
          <reporter-output>
          </reporter-output>
        </test-method> <!-- login -->
        <test-method status="PASS" signature="adminTest()[pri:2, instance:com.orangehrmlive.GmailTest@6b26e945]" name="adminTest" duration-ms="6684" started-at="2020-12-07T18:25:51Z" finished-at="2020-12-07T18:25:58Z">
          <reporter-output>
          </reporter-output>
        </test-method> <!-- adminTest -->
        <test-method status="PASS" signature="LeaveTest()[pri:3, instance:com.orangehrmlive.GmailTest@6b26e945]" name="LeaveTest" duration-ms="6015" started-at="2020-12-07T18:25:58Z" finished-at="2020-12-07T18:26:04Z">
          <reporter-output>
          </reporter-output>
        </test-method> <!-- LeaveTest -->
        <test-method status="PASS" signature="pimTest()[pri:4, instance:com.orangehrmlive.GmailTest@6b26e945]" name="pimTest" duration-ms="5213" started-at="2020-12-07T18:26:04Z" finished-at="2020-12-07T18:26:09Z">
          <reporter-output>
          </reporter-output>
        </test-method> <!-- pimTest -->
        <test-method status="PASS" signature="closeBrowser()[pri:0, instance:com.orangehrmlive.GmailTest@6b26e945]" name="closeBrowser" is-config="true" duration-ms="3475" started-at="2020-12-07T18:26:09Z" finished-at="2020-12-07T18:26:13Z">
          <reporter-output>
          </reporter-output>
        </test-method> <!-- closeBrowser -->
      </class> <!-- com.orangehrmlive.GmailTest -->
    </test> <!-- Default test -->
  </suite> <!-- Default suite -->
</testng-results>
