<?xml version="1.0" encoding="UTF-8"?>
<!-- Generated by org.testng.reporters.JUnitReportReporter -->
<testsuite skipped="0" hostname="SOMIYA" name="com.orangehrmlive.DataProviderTest" tests="2" failures="0" timestamp="07 Dec 2020 17:10:00 GMT" time="43.175" errors="0">
  <testcase name="login" time="18.661" classname="com.orangehrmlive.DataProviderTest"/>
  <testcase name="login" time="24.514" classname="com.orangehrmlive.DataProviderTest"/>
</testsuite> <!-- com.orangehrmlive.DataProviderTest -->
