<?xml version="1.0" encoding="UTF-8"?>
<!-- Generated by org.testng.reporters.JUnitReportReporter -->
<testsuite skipped="0" hostname="SOMIYA" name="com.orangehrmlive.GmailTest" tests="3" failures="0" timestamp="07 Dec 2020 14:04:28 GMT" time="137.144" errors="0">
  <testcase name="pimTest" time="64.363" classname="com.orangehrmlive.GmailTest"/>
  <testcase name="LeaveTest" time="44.767" classname="com.orangehrmlive.GmailTest"/>
  <testcase name="adminTest" time="28.014" classname="com.orangehrmlive.GmailTest"/>
</testsuite> <!-- com.orangehrmlive.GmailTest -->
