<?xml version="1.0" encoding="UTF-8"?>
<!-- Generated by org.testng.reporters.JUnitReportReporter -->
<testsuite skipped="0" hostname="SOMIYA" name="com.orangehrmlive.GmailTest" tests="5" failures="0" timestamp="07 Dec 2020 18:26:14 GMT" time="27.088" errors="0">
  <testcase name="login" time="5.508" classname="com.orangehrmlive.GmailTest"/>
  <testcase name="login" time="3.668" classname="com.orangehrmlive.GmailTest"/>
  <testcase name="adminTest" time="6.684" classname="com.orangehrmlive.GmailTest"/>
  <testcase name="LeaveTest" time="6.015" classname="com.orangehrmlive.GmailTest"/>
  <testcase name="pimTest" time="5.213" classname="com.orangehrmlive.GmailTest"/>
</testsuite> <!-- com.orangehrmlive.GmailTest -->
